Arguments: 
  /home/william_hong/.nvm/versions/node/v14.15.3/bin/node /home/william_hong/.nvm/versions/node/v14.15.3/bin/yarn add expo

PATH: 
  /home/william_hong/.vscode-server/bin/ea3859d4ba2f3e577a159bc91e3074c5d85c0523/bin:/home/william_hong/.nvm/versions/node/v14.15.3/bin:/usr/local/sbin:/usr/local/bin:/usr/sbin:/usr/bin:/sbin:/bin:/usr/games:/usr/local/games:/mnt/c/WINDOWS/system32:/mnt/c/WINDOWS:/mnt/c/WINDOWS/System32/Wbem:/mnt/c/WINDOWS/System32/WindowsPowerShell/v1.0/:/mnt/c/WINDOWS/System32/OpenSSH/:/mnt/c/Desktop/bin:/mnt/c/Program Files/dotnet/:/mnt/c/Desktop/:/mnt/c/Desktop/Git/cmd:/mnt/c/Users/junho/AppData/Local/Programs/Python/Python37-32/Scripts/:/mnt/c/Users/junho/AppData/Local/Programs/Python/Python37-32/:/mnt/c/Users/junho/AppData/Local/Microsoft/WindowsApps:/mnt/c/Users/junho/AppData/Local/Microsoft/WindowsApps:/mnt/c/Users/junho/Desktop/PyCharm/PyCharm Community Edition 2019.1.2/bin:/mnt/c/Users/junho/AppData/Roaming/npm:/mnt/c/Users/junho/Desktop/Microsoft VS Code/bin:/mnt/c/Users/junho/Desktop/IntelliJ IDEA Community Edition 2020.1.1/bin:/snap/bin

Yarn version: 
  1.22.10

Node version: 
  14.15.3

Platform: 
  linux x64

Trace: 
  Error: https://registry.yarnpkg.com/core-js/-/core-js-2.6.12.tgz: ESOCKETTIMEDOUT
      at ClientRequest.<anonymous> (/home/william_hong/.nvm/versions/node/v14.15.3/lib/node_modules/yarn/lib/cli.js:141289:19)
      at Object.onceWrapper (events.js:421:28)
      at ClientRequest.emit (events.js:315:20)
      at TLSSocket.emitRequestTimeout (_http_client.js:784:9)
      at Object.onceWrapper (events.js:421:28)
      at TLSSocket.emit (events.js:327:22)
      at TLSSocket.Socket._onTimeout (net.js:483:8)
      at listOnTimeout (internal/timers.js:554:17)
      at processTimers (internal/timers.js:497:7)

npm manifest: 
  {
    "main": "node_modules/expo/AppEntry.js",
    "scripts": {
      "start": "expo start",
      "android": "expo start --android",
      "ios": "expo start --ios",
      "web": "expo start --web",
      "eject": "expo eject",
      "test": "jest"
    },
    "jest": {
      "preset": "jest-expo",
      "transformIgnorePatterns": [
        "node_modules/(?!(jest-)?react-native|react-clone-referenced-element|@react-native-community|expo(nent)?|@expo(nent)?/.*|react-navigation|@react-navigation/.*|@unimodules/.*|unimodules|sentry-expo|native-base|@sentry/.*)"
      ]
    },
    "dependencies": {
      "@react-native-community/masked-view": "0.1.10",
      "@react-navigation/bottom-tabs": "^5.11.3",
      "@react-navigation/native": "^5.9.0",
      "@react-navigation/stack": "^5.13.0",
      "@reduxjs/toolkit": "^1.5.0",
      "expo": "~40.0.0",
      "expo-status-bar": "~1.0.3",
      "react": "16.13.1",
      "react-dom": "16.13.1",
      "react-native": "https://github.com/expo/react-native/archive/sdk-40.0.1.tar.gz",
      "react-native-elements": "^3.1.0",
      "react-native-gesture-handler": "~1.8.0",
      "react-native-reanimated": "~1.13.0",
      "react-native-safe-area-context": "3.1.9",
      "react-native-screens": "~2.15.0",
      "react-native-web": "~0.13.12"
    },
    "devDependencies": {
      "@babel/core": "~7.9.0",
      "jest-expo": "^40.0.1",
      "react-test-renderer": "^17.0.1"
    },
    "private": true
  }

yarn manifest: 
  No manifest

Lockfile: 
  No lockfile
